# JRE version: OpenJDK Runtime Environment 21.9 (17.0.2+8) (build 17.0.2+8)
# Java VM: OpenJDK 64-Bit Server VM 21.9 (17.0.2+8, mixed mode, sharing, tiered, compressed oops, compressed class ptrs, g1 gc, linux-amd64)
GC Precious Log:
 CPUs: 12 total, 12 available
 Memory: 7928M
 Large Page Support: Disabled
 NUMA Support: Disabled
 Compressed Oops: Enabled (32-bit)
 Heap Region Size: 1M
 Heap Min Capacity: 256M
 Heap Initial Capacity: 256M
 Heap Max Capacity: 512M
 Pre-touch: Disabled
 Parallel Workers: 10
 Concurrent Workers: 3
 Concurrent Refinement Workers: 10
 Periodic GC: Disabled
Heap:
 garbage-first heap   total 263168K, used 191534K [0x00000000e0000000, 0x0000000100000000)
  region size 1024K, 84 young (86016K), 2 survivors (2048K)
 Metaspace       used 92867K, committed 94080K, reserved 294912K
  class space    used 12360K, committed 12928K, reserved 212992K
GC Heap History (20 events):
Event: 22.104 GC heap before
{Heap before GC invocations=18 (full 0):
 garbage-first heap   total 262144K, used 199083K [0x00000000e0000000, 0x0000000100000000)
  region size 1024K, 75 young (76800K), 6 survivors (6144K)
 Metaspace       used 87211K, committed 88256K, reserved 294912K
  class space    used 11835K, committed 12288K, reserved 212992K
}
Event: 22.114 GC heap after
{Heap after GC invocations=19 (full 0):
 garbage-first heap   total 262144K, used 135532K [0x00000000e0000000, 0x0000000100000000)
  region size 1024K, 7 young (7168K), 7 survivors (7168K)
 Metaspace       used 87211K, committed 88256K, reserved 294912K
  class space    used 11835K, committed 12288K, reserved 212992K
}
Event: 22.432 GC heap before
{Heap before GC invocations=20 (full 0):
 garbage-first heap   total 263168K, used 204140K [0x00000000e0000000, 0x0000000100000000)
  region size 1024K, 75 young (76800K), 7 survivors (7168K)
 Metaspace       used 87529K, committed 88576K, reserved 294912K
  class space    used 11875K, committed 12352K, reserved 212992K
}
Event: 22.439 GC heap after
{Heap after GC invocations=21 (full 0):
 garbage-first heap   total 263168K, used 139287K [0x00000000e0000000, 0x0000000100000000)
  region size 1024K, 4 young (4096K), 4 survivors (4096K)
 Metaspace       used 87529K, committed 88576K, reserved 294912K
  class space    used 11875K, committed 12352K, reserved 212992K
}
Event: 22.451 GC heap before
{Heap before GC invocations=21 (full 0):
 garbage-first heap   total 263168K, used 146455K [0x00000000e0000000, 0x0000000100000000)
  region size 1024K, 12 young (12288K), 4 survivors (4096K)
 Metaspace       used 87532K, committed 88576K, reserved 294912K
  class space    used 11875K, committed 12352K, reserved 212992K
}
Event: 22.455 GC heap after
{Heap after GC invocations=22 (full 0):
 garbage-first heap   total 263168K, used 138830K [0x00000000e0000000, 0x0000000100000000)
  region size 1024K, 1 young (1024K), 1 survivors (1024K)
 Metaspace       used 87532K, committed 88576K, reserved 294912K
  class space    used 11875K, committed 12352K, reserved 212992K
}
Event: 1600.926 GC heap before
{Heap before GC invocations=22 (full 0):
 garbage-first heap   total 263168K, used 209486K [0x00000000e0000000, 0x0000000100000000)
  region size 1024K, 71 young (72704K), 1 survivors (1024K)
 Metaspace       used 92017K, committed 93120K, reserved 294912K
  class space    used 12291K, committed 12800K, reserved 212992K
}
Event: 1600.963 GC heap after
{Heap after GC invocations=23 (full 0):
 garbage-first heap   total 263168K, used 140932K [0x00000000e0000000, 0x0000000100000000)
  region size 1024K, 3 young (3072K), 3 survivors (3072K)
 Metaspace       used 92017K, committed 93120K, reserved 294912K
  class space    used 12291K, committed 12800K, reserved 212992K
}
Event: 4568.797 GC heap before
{Heap before GC invocations=24 (full 0):
 garbage-first heap   total 263168K, used 212612K [0x00000000e0000000, 0x0000000100000000)
  region size 1024K, 74 young (75776K), 3 survivors (3072K)
 Metaspace       used 91648K, committed 93184K, reserved 294912K
  class space    used 12173K, committed 12800K, reserved 212992K
}
Event: 4568.823 GC heap after
{Heap after GC invocations=25 (full 0):
 garbage-first heap   total 263168K, used 139932K [0x00000000e0000000, 0x0000000100000000)
  region size 1024K, 2 young (2048K), 2 survivors (2048K)
 Metaspace       used 91648K, committed 93184K, reserved 294912K
  class space    used 12173K, committed 12800K, reserved 212992K
}
Event: 4947.789 GC heap before
{Heap before GC invocations=25 (full 0):
 garbage-first heap   total 263168K, used 149148K [0x00000000e0000000, 0x0000000100000000)
  region size 1024K, 12 young (12288K), 2 survivors (2048K)
 Metaspace       used 91648K, committed 93184K, reserved 294912K
  class space    used 12173K, committed 12800K, reserved 212992K
}
Event: 4947.832 GC heap after
{Heap after GC invocations=26 (full 0):
 garbage-first heap   total 263168K, used 130053K [0x00000000e0000000, 0x0000000100000000)
  region size 1024K, 1 young (1024K), 1 survivors (1024K)
 Metaspace       used 91648K, committed 93184K, reserved 294912K
  class space    used 12173K, committed 12800K, reserved 212992K
}
Event: 7171.854 GC heap before
{Heap before GC invocations=26 (full 0):
 garbage-first heap   total 263168K, used 215045K [0x00000000e0000000, 0x0000000100000000)
  region size 1024K, 85 young (87040K), 1 survivors (1024K)
 Metaspace       used 91905K, committed 93184K, reserved 294912K
  class space    used 12217K, committed 12800K, reserved 212992K
}
Event: 7171.863 GC heap after
{Heap after GC invocations=27 (full 0):
 garbage-first heap   total 263168K, used 132560K [0x00000000e0000000, 0x0000000100000000)
  region size 1024K, 3 young (3072K), 3 survivors (3072K)
 Metaspace       used 91905K, committed 93184K, reserved 294912K
  class space    used 12217K, committed 12800K, reserved 212992K
}
Event: 7174.715 GC heap before
{Heap before GC invocations=28 (full 0):
 garbage-first heap   total 263168K, used 217552K [0x00000000e0000000, 0x0000000100000000)
  region size 1024K, 86 young (88064K), 3 survivors (3072K)
 Metaspace       used 92259K, committed 93376K, reserved 294912K
  class space    used 12291K, committed 12800K, reserved 212992K
}
Event: 7174.729 GC heap after
{Heap after GC invocations=29 (full 0):
 garbage-first heap   total 263168K, used 139037K [0x00000000e0000000, 0x0000000100000000)
  region size 1024K, 10 young (10240K), 10 survivors (10240K)
 Metaspace       used 92259K, committed 93376K, reserved 294912K
  class space    used 12291K, committed 12800K, reserved 212992K
}
Event: 7174.732 GC heap before
{Heap before GC invocations=29 (full 0):
 garbage-first heap   total 263168K, used 141085K [0x00000000e0000000, 0x0000000100000000)
  region size 1024K, 12 young (12288K), 10 survivors (10240K)
 Metaspace       used 92259K, committed 93376K, reserved 294912K
  class space    used 12291K, committed 12800K, reserved 212992K
}
Event: 7174.752 GC heap after
{Heap after GC invocations=30 (full 0):
 garbage-first heap   total 263168K, used 120159K [0x00000000e0000000, 0x0000000100000000)
  region size 1024K, 2 young (2048K), 2 survivors (2048K)
 Metaspace       used 92259K, committed 93376K, reserved 294912K
  class space    used 12291K, committed 12800K, reserved 212992K
}
Event: 7174.789 GC heap before
{Heap before GC invocations=30 (full 0):
 garbage-first heap   total 263168K, used 130399K [0x00000000e0000000, 0x0000000100000000)
  region size 1024K, 12 young (12288K), 2 survivors (2048K)
 Metaspace       used 92285K, committed 93376K, reserved 294912K
  class space    used 12296K, committed 12800K, reserved 212992K
}
Event: 7174.807 GC heap after
{Heap after GC invocations=31 (full 0):
 garbage-first heap   total 263168K, used 108590K [0x00000000e0000000, 0x0000000100000000)
  region size 1024K, 2 young (2048K), 2 survivors (2048K)
 Metaspace       used 92285K, committed 93376K, reserved 294912K
  class space    used 12296K, committed 12800K, reserved 212992K
}

