# JRE version: OpenJDK Runtime Environment 18.9 (11.0.13+8) (build 11.0.13+8)
# Java VM: OpenJDK 64-Bit Server VM 18.9 (11.0.13+8, mixed mode, sharing, tiered, compressed oops, g1 gc, linux-amd64)
Heap:
 garbage-first heap   total 264192K, used 141891K [0x00000000e0000000, 0x0000000100000000)
  region size 1024K, 19 young (19456K), 6 survivors (6144K)
 Metaspace       used 93888K, capacity 96897K, committed 98048K, reserved 339968K
  class space    used 12032K, capacity 12978K, committed 13312K, reserved 253952K
GC Heap History (20 events):
Event: 11.571 GC heap before
{Heap before GC invocations=8 (full 0):
 garbage-first heap   total 264192K, used 103075K [0x00000000e0000000, 0x0000000100000000)
  region size 1024K, 71 young (72704K), 20 survivors (20480K)
 Metaspace       used 58441K, capacity 60057K, committed 60160K, reserved 307200K
  class space    used 7878K, capacity 8530K, committed 8576K, reserved 253952K
}
Event: 11.591 GC heap after
{Heap after GC invocations=9 (full 0):
 garbage-first heap   total 264192K, used 57820K [0x00000000e0000000, 0x0000000100000000)
  region size 1024K, 6 young (6144K), 6 survivors (6144K)
 Metaspace       used 58441K, capacity 60057K, committed 60160K, reserved 307200K
  class space    used 7878K, capacity 8530K, committed 8576K, reserved 253952K
}
Event: 12.795 GC heap before
{Heap before GC invocations=10 (full 0):
 garbage-first heap   total 264192K, used 173532K [0x00000000e0000000, 0x0000000100000000)
  region size 1024K, 115 young (117760K), 6 survivors (6144K)
 Metaspace       used 63081K, capacity 65419K, committed 65664K, reserved 311296K
  class space    used 8456K, capacity 9262K, committed 9344K, reserved 253952K
}
Event: 12.810 GC heap after
{Heap after GC invocations=11 (full 0):
 garbage-first heap   total 264192K, used 77802K [0x00000000e0000000, 0x0000000100000000)
  region size 1024K, 15 young (15360K), 15 survivors (15360K)
 Metaspace       used 63081K, capacity 65419K, committed 65664K, reserved 311296K
  class space    used 8456K, capacity 9262K, committed 9344K, reserved 253952K
}
Event: 14.220 GC heap before
{Heap before GC invocations=11 (full 0):
 garbage-first heap   total 264192K, used 181226K [0x00000000e0000000, 0x0000000100000000)
  region size 1024K, 115 young (117760K), 15 survivors (15360K)
 Metaspace       used 70425K, capacity 73106K, committed 73344K, reserved 317440K
  class space    used 9439K, capacity 10268K, committed 10368K, reserved 253952K
}
Event: 14.240 GC heap after
{Heap after GC invocations=12 (full 0):
 garbage-first heap   total 264192K, used 91773K [0x00000000e0000000, 0x0000000100000000)
  region size 1024K, 12 young (12288K), 12 survivors (12288K)
 Metaspace       used 70425K, capacity 73106K, committed 73344K, reserved 317440K
  class space    used 9439K, capacity 10268K, committed 10368K, reserved 253952K
}
Event: 16.577 GC heap before
{Heap before GC invocations=12 (full 0):
 garbage-first heap   total 264192K, used 188029K [0x00000000e0000000, 0x0000000100000000)
  region size 1024K, 107 young (109568K), 12 survivors (12288K)
 Metaspace       used 80893K, capacity 83704K, committed 83968K, reserved 327680K
  class space    used 10766K, capacity 11682K, committed 11776K, reserved 253952K
}
Event: 16.601 GC heap after
{Heap after GC invocations=13 (full 0):
 garbage-first heap   total 264192K, used 102641K [0x00000000e0000000, 0x0000000100000000)
  region size 1024K, 11 young (11264K), 11 survivors (11264K)
 Metaspace       used 80893K, capacity 83704K, committed 83968K, reserved 327680K
  class space    used 10766K, capacity 11682K, committed 11776K, reserved 253952K
}
Event: 17.612 GC heap before
{Heap before GC invocations=13 (full 0):
 garbage-first heap   total 264192K, used 194801K [0x00000000e0000000, 0x0000000100000000)
  region size 1024K, 102 young (104448K), 11 survivors (11264K)
 Metaspace       used 82550K, capacity 85556K, committed 85760K, reserved 327680K
  class space    used 10948K, capacity 11913K, committed 12032K, reserved 253952K
}
Event: 17.626 GC heap after
{Heap after GC invocations=14 (full 0):
 garbage-first heap   total 264192K, used 108808K [0x00000000e0000000, 0x0000000100000000)
  region size 1024K, 7 young (7168K), 7 survivors (7168K)
 Metaspace       used 82550K, capacity 85556K, committed 85760K, reserved 327680K
  class space    used 10948K, capacity 11913K, committed 12032K, reserved 253952K
}
Event: 18.668 GC heap before
{Heap before GC invocations=14 (full 0):
 garbage-first heap   total 264192K, used 200968K [0x00000000e0000000, 0x0000000100000000)
  region size 1024K, 98 young (100352K), 7 survivors (7168K)
 Metaspace       used 83631K, capacity 86705K, committed 86912K, reserved 329728K
  class space    used 11012K, capacity 12070K, committed 12160K, reserved 253952K
}
Event: 18.682 GC heap after
{Heap after GC invocations=15 (full 0):
 garbage-first heap   total 264192K, used 115588K [0x00000000e0000000, 0x0000000100000000)
  region size 1024K, 13 young (13312K), 13 survivors (13312K)
 Metaspace       used 83631K, capacity 86705K, committed 86912K, reserved 329728K
  class space    used 11012K, capacity 12070K, committed 12160K, reserved 253952K
}
Event: 19.286 GC heap before
{Heap before GC invocations=15 (full 0):
 garbage-first heap   total 264192K, used 204676K [0x00000000e0000000, 0x0000000100000000)
  region size 1024K, 101 young (103424K), 13 survivors (13312K)
 Metaspace       used 87726K, capacity 90830K, committed 91264K, reserved 333824K
  class space    used 11556K, capacity 12589K, committed 12672K, reserved 253952K
}
Event: 19.299 GC heap after
{Heap after GC invocations=16 (full 0):
 garbage-first heap   total 264192K, used 120241K [0x00000000e0000000, 0x0000000100000000)
  region size 1024K, 6 young (6144K), 6 survivors (6144K)
 Metaspace       used 87726K, capacity 90830K, committed 91264K, reserved 333824K
  class space    used 11556K, capacity 12589K, committed 12672K, reserved 253952K
}
Event: 19.670 GC heap before
{Heap before GC invocations=16 (full 0):
 garbage-first heap   total 264192K, used 208305K [0x00000000e0000000, 0x0000000100000000)
  region size 1024K, 93 young (95232K), 6 survivors (6144K)
 Metaspace       used 89277K, capacity 92412K, committed 92672K, reserved 333824K
  class space    used 11731K, capacity 12769K, committed 12800K, reserved 253952K
}
Event: 19.680 GC heap after
{Heap after GC invocations=17 (full 0):
 garbage-first heap   total 264192K, used 124821K [0x00000000e0000000, 0x0000000100000000)
  region size 1024K, 10 young (10240K), 10 survivors (10240K)
 Metaspace       used 89277K, capacity 92412K, committed 92672K, reserved 333824K
  class space    used 11731K, capacity 12769K, committed 12800K, reserved 253952K
}
Event: 931.064 GC heap before
{Heap before GC invocations=17 (full 0):
 garbage-first heap   total 264192K, used 211861K [0x00000000e0000000, 0x0000000100000000)
  region size 1024K, 96 young (98304K), 10 survivors (10240K)
 Metaspace       used 93965K, capacity 97072K, committed 97408K, reserved 339968K
  class space    used 12136K, capacity 13142K, committed 13184K, reserved 253952K
}
Event: 931.157 GC heap after
{Heap after GC invocations=18 (full 0):
 garbage-first heap   total 264192K, used 128788K [0x00000000e0000000, 0x0000000100000000)
  region size 1024K, 10 young (10240K), 10 survivors (10240K)
 Metaspace       used 93965K, capacity 97072K, committed 97408K, reserved 339968K
  class space    used 12136K, capacity 13142K, committed 13184K, reserved 253952K
}
Event: 3179.389 GC heap before
{Heap before GC invocations=18 (full 0):
 garbage-first heap   total 264192K, used 214804K [0x00000000e0000000, 0x0000000100000000)
  region size 1024K, 95 young (97280K), 10 survivors (10240K)
 Metaspace       used 94220K, capacity 97437K, committed 97664K, reserved 339968K
  class space    used 12148K, capacity 13163K, committed 13184K, reserved 253952K
}
Event: 3179.401 GC heap after
{Heap after GC invocations=19 (full 0):
 garbage-first heap   total 264192K, used 129603K [0x00000000e0000000, 0x0000000100000000)
  region size 1024K, 6 young (6144K), 6 survivors (6144K)
 Metaspace       used 94220K, capacity 97437K, committed 97664K, reserved 339968K
  class space    used 12148K, capacity 13163K, committed 13184K, reserved 253952K
}

