# JRE version: OpenJDK Runtime Environment 18.9 (11.0.13+8) (build 11.0.13+8)
# Java VM: OpenJDK 64-Bit Server VM 18.9 (11.0.13+8, mixed mode, sharing, tiered, compressed oops, g1 gc, linux-amd64)
Heap:
 garbage-first heap   total 403456K, used 373580K [0x00000000e0000000, 0x0000000100000000)
  region size 1024K, 15 young (15360K), 3 survivors (3072K)
 Metaspace       used 130327K, capacity 134129K, committed 134272K, reserved 370688K
  class space    used 16134K, capacity 17525K, committed 17536K, reserved 253952K
GC Heap History (20 events):
Event: 473.081 GC heap before
{Heap before GC invocations=114 (full 0):
 garbage-first heap   total 390144K, used 339519K [0x00000000e0000000, 0x0000000100000000)
  region size 1024K, 19 young (19456K), 3 survivors (3072K)
 Metaspace       used 130229K, capacity 133997K, committed 134272K, reserved 370688K
  class space    used 16123K, capacity 17482K, committed 17536K, reserved 253952K
}
Event: 473.087 GC heap after
{Heap after GC invocations=115 (full 0):
 garbage-first heap   total 390144K, used 328304K [0x00000000e0000000, 0x0000000100000000)
  region size 1024K, 3 young (3072K), 3 survivors (3072K)
 Metaspace       used 130229K, capacity 133997K, committed 134272K, reserved 370688K
  class space    used 16123K, capacity 17482K, committed 17536K, reserved 253952K
}
Event: 473.112 GC heap before
{Heap before GC invocations=115 (full 0):
 garbage-first heap   total 390144K, used 343664K [0x00000000e0000000, 0x0000000100000000)
  region size 1024K, 19 young (19456K), 3 survivors (3072K)
 Metaspace       used 130257K, capacity 134095K, committed 134272K, reserved 370688K
  class space    used 16124K, capacity 17514K, committed 17536K, reserved 253952K
}
Event: 473.116 GC heap after
{Heap after GC invocations=116 (full 0):
 garbage-first heap   total 390144K, used 331618K [0x00000000e0000000, 0x0000000100000000)
  region size 1024K, 3 young (3072K), 3 survivors (3072K)
 Metaspace       used 130257K, capacity 134095K, committed 134272K, reserved 370688K
  class space    used 16124K, capacity 17514K, committed 17536K, reserved 253952K
}
Event: 473.134 GC heap before
{Heap before GC invocations=116 (full 0):
 garbage-first heap   total 390144K, used 348002K [0x00000000e0000000, 0x0000000100000000)
  region size 1024K, 19 young (19456K), 3 survivors (3072K)
 Metaspace       used 130273K, capacity 134099K, committed 134272K, reserved 370688K
  class space    used 16126K, capacity 17515K, committed 17536K, reserved 253952K
}
Event: 473.144 GC heap after
{Heap after GC invocations=117 (full 0):
 garbage-first heap   total 390144K, used 334833K [0x00000000e0000000, 0x0000000100000000)
  region size 1024K, 3 young (3072K), 3 survivors (3072K)
 Metaspace       used 130273K, capacity 134099K, committed 134272K, reserved 370688K
  class space    used 16126K, capacity 17515K, committed 17536K, reserved 253952K
}
Event: 473.170 GC heap before
{Heap before GC invocations=117 (full 0):
 garbage-first heap   total 390144K, used 351217K [0x00000000e0000000, 0x0000000100000000)
  region size 1024K, 19 young (19456K), 3 survivors (3072K)
 Metaspace       used 130285K, capacity 134102K, committed 134272K, reserved 370688K
  class space    used 16127K, capacity 17516K, committed 17536K, reserved 253952K
}
Event: 473.178 GC heap after
{Heap after GC invocations=118 (full 0):
 garbage-first heap   total 390144K, used 339126K [0x00000000e0000000, 0x0000000100000000)
  region size 1024K, 3 young (3072K), 3 survivors (3072K)
 Metaspace       used 130285K, capacity 134102K, committed 134272K, reserved 370688K
  class space    used 16127K, capacity 17516K, committed 17536K, reserved 253952K
}
Event: 473.215 GC heap before
{Heap before GC invocations=118 (full 0):
 garbage-first heap   total 390144K, used 354486K [0x00000000e0000000, 0x0000000100000000)
  region size 1024K, 19 young (19456K), 3 survivors (3072K)
 Metaspace       used 130287K, capacity 134102K, committed 134272K, reserved 370688K
  class space    used 16127K, capacity 17516K, committed 17536K, reserved 253952K
}
Event: 473.225 GC heap after
{Heap after GC invocations=119 (full 0):
 garbage-first heap   total 390144K, used 343236K [0x00000000e0000000, 0x0000000100000000)
  region size 1024K, 3 young (3072K), 3 survivors (3072K)
 Metaspace       used 130287K, capacity 134102K, committed 134272K, reserved 370688K
  class space    used 16127K, capacity 17516K, committed 17536K, reserved 253952K
}
Event: 473.256 GC heap before
{Heap before GC invocations=119 (full 0):
 garbage-first heap   total 390144K, used 358596K [0x00000000e0000000, 0x0000000100000000)
  region size 1024K, 19 young (19456K), 3 survivors (3072K)
 Metaspace       used 130287K, capacity 134102K, committed 134272K, reserved 370688K
  class space    used 16127K, capacity 17516K, committed 17536K, reserved 253952K
}
Event: 473.263 GC heap after
{Heap after GC invocations=120 (full 0):
 garbage-first heap   total 390144K, used 347490K [0x00000000e0000000, 0x0000000100000000)
  region size 1024K, 3 young (3072K), 3 survivors (3072K)
 Metaspace       used 130287K, capacity 134102K, committed 134272K, reserved 370688K
  class space    used 16127K, capacity 17516K, committed 17536K, reserved 253952K
}
Event: 473.287 GC heap before
{Heap before GC invocations=120 (full 0):
 garbage-first heap   total 390144K, used 362850K [0x00000000e0000000, 0x0000000100000000)
  region size 1024K, 19 young (19456K), 3 survivors (3072K)
 Metaspace       used 130302K, capacity 134114K, committed 134272K, reserved 370688K
  class space    used 16131K, capacity 17520K, committed 17536K, reserved 253952K
}
Event: 473.293 GC heap after
{Heap after GC invocations=121 (full 0):
 garbage-first heap   total 390144K, used 351440K [0x00000000e0000000, 0x0000000100000000)
  region size 1024K, 3 young (3072K), 3 survivors (3072K)
 Metaspace       used 130302K, capacity 134114K, committed 134272K, reserved 370688K
  class space    used 16131K, capacity 17520K, committed 17536K, reserved 253952K
}
Event: 473.317 GC heap before
{Heap before GC invocations=121 (full 0):
 garbage-first heap   total 390144K, used 367824K [0x00000000e0000000, 0x0000000100000000)
  region size 1024K, 19 young (19456K), 3 survivors (3072K)
 Metaspace       used 130312K, capacity 134120K, committed 134272K, reserved 370688K
  class space    used 16132K, capacity 17522K, committed 17536K, reserved 253952K
}
Event: 473.324 GC heap after
{Heap after GC invocations=122 (full 0):
 garbage-first heap   total 390144K, used 354770K [0x00000000e0000000, 0x0000000100000000)
  region size 1024K, 3 young (3072K), 3 survivors (3072K)
 Metaspace       used 130312K, capacity 134120K, committed 134272K, reserved 370688K
  class space    used 16132K, capacity 17522K, committed 17536K, reserved 253952K
}
Event: 473.348 GC heap before
{Heap before GC invocations=122 (full 0):
 garbage-first heap   total 390144K, used 371154K [0x00000000e0000000, 0x0000000100000000)
  region size 1024K, 19 young (19456K), 3 survivors (3072K)
 Metaspace       used 130322K, capacity 134129K, committed 134272K, reserved 370688K
  class space    used 16134K, capacity 17525K, committed 17536K, reserved 253952K
}
Event: 473.355 GC heap after
{Heap after GC invocations=123 (full 0):
 garbage-first heap   total 403456K, used 358666K [0x00000000e0000000, 0x0000000100000000)
  region size 1024K, 3 young (3072K), 3 survivors (3072K)
 Metaspace       used 130322K, capacity 134129K, committed 134272K, reserved 370688K
  class space    used 16134K, capacity 17525K, committed 17536K, reserved 253952K
}
Event: 473.386 GC heap before
{Heap before GC invocations=123 (full 0):
 garbage-first heap   total 403456K, used 374026K [0x00000000e0000000, 0x0000000100000000)
  region size 1024K, 19 young (19456K), 3 survivors (3072K)
 Metaspace       used 130327K, capacity 134129K, committed 134272K, reserved 370688K
  class space    used 16134K, capacity 17525K, committed 17536K, reserved 253952K
}
Event: 473.412 GC heap after
{Heap after GC invocations=124 (full 0):
 garbage-first heap   total 403456K, used 362316K [0x00000000e0000000, 0x0000000100000000)
  region size 1024K, 3 young (3072K), 3 survivors (3072K)
 Metaspace       used 130327K, capacity 134129K, committed 134272K, reserved 370688K
  class space    used 16134K, capacity 17525K, committed 17536K, reserved 253952K
}

