# JRE version: OpenJDK Runtime Environment 18.9 (11.0.13+8) (build 11.0.13+8)
# Java VM: OpenJDK 64-Bit Server VM 18.9 (11.0.13+8, mixed mode, sharing, tiered, compressed oops, g1 gc, linux-amd64)
Heap:
 garbage-first heap   total 264192K, used 155389K [0x00000000e0000000, 0x0000000100000000)
  region size 1024K, 39 young (39936K), 1 survivors (1024K)
 Metaspace       used 87800K, capacity 90551K, committed 92160K, reserved 333824K
  class space    used 11206K, capacity 12043K, committed 12544K, reserved 253952K
GC Heap History (20 events):
Event: 11.895 GC heap before
{Heap before GC invocations=12 (full 0):
 garbage-first heap   total 264192K, used 186398K [0x00000000e0000000, 0x0000000100000000)
  region size 1024K, 119 young (121856K), 16 survivors (16384K)
 Metaspace       used 70634K, capacity 73292K, committed 73600K, reserved 317440K
  class space    used 9448K, capacity 10280K, committed 10368K, reserved 253952K
}
Event: 11.914 GC heap after
{Heap after GC invocations=13 (full 0):
 garbage-first heap   total 264192K, used 95345K [0x00000000e0000000, 0x0000000100000000)
  region size 1024K, 14 young (14336K), 14 survivors (14336K)
 Metaspace       used 70634K, capacity 73292K, committed 73600K, reserved 317440K
  class space    used 9448K, capacity 10280K, committed 10368K, reserved 253952K
}
Event: 12.713 GC heap before
{Heap before GC invocations=13 (full 0):
 garbage-first heap   total 264192K, used 190577K [0x00000000e0000000, 0x0000000100000000)
  region size 1024K, 108 young (110592K), 14 survivors (14336K)
 Metaspace       used 76592K, capacity 79525K, committed 79872K, reserved 323584K
  class space    used 10226K, capacity 11168K, committed 11264K, reserved 253952K
}
Event: 12.725 GC heap after
{Heap after GC invocations=14 (full 0):
 garbage-first heap   total 264192K, used 103214K [0x00000000e0000000, 0x0000000100000000)
  region size 1024K, 8 young (8192K), 8 survivors (8192K)
 Metaspace       used 76592K, capacity 79525K, committed 79872K, reserved 323584K
  class space    used 10226K, capacity 11168K, committed 11264K, reserved 253952K
}
Event: 13.325 GC heap before
{Heap before GC invocations=14 (full 0):
 garbage-first heap   total 264192K, used 197422K [0x00000000e0000000, 0x0000000100000000)
  region size 1024K, 101 young (103424K), 8 survivors (8192K)
 Metaspace       used 77670K, capacity 80765K, committed 81024K, reserved 323584K
  class space    used 10309K, capacity 11311K, committed 11392K, reserved 253952K
}
Event: 13.335 GC heap after
{Heap after GC invocations=15 (full 0):
 garbage-first heap   total 264192K, used 109394K [0x00000000e0000000, 0x0000000100000000)
  region size 1024K, 7 young (7168K), 7 survivors (7168K)
 Metaspace       used 77670K, capacity 80765K, committed 81024K, reserved 323584K
  class space    used 10309K, capacity 11311K, committed 11392K, reserved 253952K
}
Event: 13.883 GC heap before
{Heap before GC invocations=15 (full 0):
 garbage-first heap   total 264192K, used 202578K [0x00000000e0000000, 0x0000000100000000)
  region size 1024K, 99 young (101376K), 7 survivors (7168K)
 Metaspace       used 78579K, capacity 81711K, committed 81792K, reserved 325632K
  class space    used 10380K, capacity 11391K, committed 11392K, reserved 253952K
}
Event: 13.893 GC heap after
{Heap after GC invocations=16 (full 0):
 garbage-first heap   total 264192K, used 115935K [0x00000000e0000000, 0x0000000100000000)
  region size 1024K, 13 young (13312K), 13 survivors (13312K)
 Metaspace       used 78579K, capacity 81711K, committed 81792K, reserved 325632K
  class space    used 10380K, capacity 11391K, committed 11392K, reserved 253952K
}
Event: 14.397 GC heap before
{Heap before GC invocations=16 (full 0):
 garbage-first heap   total 264192K, used 206047K [0x00000000e0000000, 0x0000000100000000)
  region size 1024K, 102 young (104448K), 13 survivors (13312K)
 Metaspace       used 83724K, capacity 86773K, committed 87168K, reserved 329728K
  class space    used 11034K, capacity 12051K, committed 12160K, reserved 253952K
}
Event: 14.410 GC heap after
{Heap after GC invocations=17 (full 0):
 garbage-first heap   total 264192K, used 121097K [0x00000000e0000000, 0x0000000100000000)
  region size 1024K, 6 young (6144K), 6 survivors (6144K)
 Metaspace       used 83724K, capacity 86773K, committed 87168K, reserved 329728K
  class space    used 11034K, capacity 12051K, committed 12160K, reserved 253952K
}
Event: 25.583 GC heap before
{Heap before GC invocations=17 (full 0):
 garbage-first heap   total 264192K, used 210185K [0x00000000e0000000, 0x0000000100000000)
  region size 1024K, 94 young (96256K), 6 survivors (6144K)
 Metaspace       used 85355K, capacity 88407K, committed 88576K, reserved 331776K
  class space    used 11218K, capacity 12248K, committed 12288K, reserved 253952K
}
Event: 25.593 GC heap after
{Heap after GC invocations=18 (full 0):
 garbage-first heap   total 264192K, used 126446K [0x00000000e0000000, 0x0000000100000000)
  region size 1024K, 11 young (11264K), 11 survivors (11264K)
 Metaspace       used 85355K, capacity 88407K, committed 88576K, reserved 331776K
  class space    used 11218K, capacity 12248K, committed 12288K, reserved 253952K
}
Event: 2436.748 GC heap before
{Heap before GC invocations=18 (full 0):
 garbage-first heap   total 264192K, used 213486K [0x00000000e0000000, 0x0000000100000000)
  region size 1024K, 97 young (99328K), 11 survivors (11264K)
 Metaspace       used 88505K, capacity 91570K, committed 91904K, reserved 333824K
  class space    used 11429K, capacity 12424K, committed 12544K, reserved 253952K
}
Event: 2436.809 GC heap after
{Heap after GC invocations=19 (full 0):
 garbage-first heap   total 264192K, used 126685K [0x00000000e0000000, 0x0000000100000000)
  region size 1024K, 7 young (7168K), 7 survivors (7168K)
 Metaspace       used 88505K, capacity 91570K, committed 91904K, reserved 333824K
  class space    used 11429K, capacity 12424K, committed 12544K, reserved 253952K
}
Event: 5597.783 GC heap before
{Heap before GC invocations=19 (full 0):
 garbage-first heap   total 264192K, used 216797K [0x00000000e0000000, 0x0000000100000000)
  region size 1024K, 95 young (97280K), 7 survivors (7168K)
 Metaspace       used 88532K, capacity 91698K, committed 92160K, reserved 333824K
  class space    used 11429K, capacity 12424K, committed 12544K, reserved 253952K
}
Event: 5597.801 GC heap after
{Heap after GC invocations=20 (full 0):
 garbage-first heap   total 264192K, used 125422K [0x00000000e0000000, 0x0000000100000000)
  region size 1024K, 6 young (6144K), 6 survivors (6144K)
 Metaspace       used 88532K, capacity 91698K, committed 92160K, reserved 333824K
  class space    used 11429K, capacity 12424K, committed 12544K, reserved 253952K
}
Event: 8871.143 GC heap before
{Heap before GC invocations=21 (full 0):
 garbage-first heap   total 264192K, used 217582K [0x00000000e0000000, 0x0000000100000000)
  region size 1024K, 97 young (99328K), 6 survivors (6144K)
 Metaspace       used 87795K, capacity 90545K, committed 92160K, reserved 333824K
  class space    used 11205K, capacity 12042K, committed 12544K, reserved 253952K
}
Event: 8871.174 GC heap after
{Heap after GC invocations=22 (full 0):
 garbage-first heap   total 264192K, used 125185K [0x00000000e0000000, 0x0000000100000000)
  region size 1024K, 5 young (5120K), 5 survivors (5120K)
 Metaspace       used 87795K, capacity 90545K, committed 92160K, reserved 333824K
  class space    used 11205K, capacity 12042K, committed 12544K, reserved 253952K
}
Event: 9120.824 GC heap before
{Heap before GC invocations=22 (full 0):
 garbage-first heap   total 264192K, used 132353K [0x00000000e0000000, 0x0000000100000000)
  region size 1024K, 12 young (12288K), 5 survivors (5120K)
 Metaspace       used 87795K, capacity 90545K, committed 92160K, reserved 333824K
  class space    used 11205K, capacity 12042K, committed 12544K, reserved 253952K
}
Event: 9120.880 GC heap after
{Heap after GC invocations=23 (full 0):
 garbage-first heap   total 264192K, used 117501K [0x00000000e0000000, 0x0000000100000000)
  region size 1024K, 1 young (1024K), 1 survivors (1024K)
 Metaspace       used 87795K, capacity 90545K, committed 92160K, reserved 333824K
  class space    used 11205K, capacity 12042K, committed 12544K, reserved 253952K
}

