# JRE version: OpenJDK Runtime Environment 18.9 (11.0.13+8) (build 11.0.13+8)
# Java VM: OpenJDK 64-Bit Server VM 18.9 (11.0.13+8, mixed mode, sharing, tiered, compressed oops, g1 gc, linux-amd64)
Heap:
 garbage-first heap   total 264192K, used 211883K [0x00000000e0000000, 0x0000000100000000)
  region size 1024K, 87 young (89088K), 6 survivors (6144K)
 Metaspace       used 93240K, capacity 96012K, committed 97664K, reserved 339968K
  class space    used 11909K, capacity 12776K, committed 13184K, reserved 253952K
GC Heap History (20 events):
Event: 10.107 GC heap before
{Heap before GC invocations=7 (full 0):
 garbage-first heap   total 264192K, used 178229K [0x00000000e0000000, 0x0000000100000000)
  region size 1024K, 153 young (156672K), 20 survivors (20480K)
 Metaspace       used 56293K, capacity 57982K, committed 58112K, reserved 305152K
  class space    used 7570K, capacity 8165K, committed 8192K, reserved 253952K
}
Event: 10.123 GC heap after
{Heap after GC invocations=8 (full 0):
 garbage-first heap   total 264192K, used 52798K [0x00000000e0000000, 0x0000000100000000)
  region size 1024K, 12 young (12288K), 12 survivors (12288K)
 Metaspace       used 56293K, capacity 57982K, committed 58112K, reserved 305152K
  class space    used 7570K, capacity 8165K, committed 8192K, reserved 253952K
}
Event: 10.372 GC heap before
{Heap before GC invocations=8 (full 0):
 garbage-first heap   total 264192K, used 95806K [0x00000000e0000000, 0x0000000100000000)
  region size 1024K, 55 young (56320K), 12 survivors (12288K)
 Metaspace       used 58391K, capacity 60057K, committed 60160K, reserved 307200K
  class space    used 7874K, capacity 8510K, committed 8576K, reserved 253952K
}
Event: 10.398 GC heap after
{Heap after GC invocations=9 (full 0):
 garbage-first heap   total 264192K, used 57127K [0x00000000e0000000, 0x0000000100000000)
  region size 1024K, 5 young (5120K), 5 survivors (5120K)
 Metaspace       used 58391K, capacity 60057K, committed 60160K, reserved 307200K
  class space    used 7874K, capacity 8510K, committed 8576K, reserved 253952K
}
Event: 11.772 GC heap before
{Heap before GC invocations=10 (full 0):
 garbage-first heap   total 264192K, used 202535K [0x00000000e0000000, 0x0000000100000000)
  region size 1024K, 141 young (144384K), 5 survivors (5120K)
 Metaspace       used 63901K, capacity 66380K, committed 66432K, reserved 311296K
  class space    used 8551K, capacity 9333K, committed 9344K, reserved 253952K
}
Event: 11.786 GC heap after
{Heap after GC invocations=11 (full 0):
 garbage-first heap   total 264192K, used 82252K [0x00000000e0000000, 0x0000000100000000)
  region size 1024K, 18 young (18432K), 18 survivors (18432K)
 Metaspace       used 63901K, capacity 66380K, committed 66432K, reserved 311296K
  class space    used 8551K, capacity 9333K, committed 9344K, reserved 253952K
}
Event: 12.914 GC heap before
{Heap before GC invocations=11 (full 0):
 garbage-first heap   total 264192K, used 201036K [0x00000000e0000000, 0x0000000100000000)
  region size 1024K, 134 young (137216K), 18 survivors (18432K)
 Metaspace       used 72658K, capacity 75391K, committed 75648K, reserved 319488K
  class space    used 9662K, capacity 10542K, committed 10624K, reserved 253952K
}
Event: 12.933 GC heap after
{Heap after GC invocations=12 (full 0):
 garbage-first heap   total 264192K, used 96490K [0x00000000e0000000, 0x0000000100000000)
  region size 1024K, 14 young (14336K), 14 survivors (14336K)
 Metaspace       used 72658K, capacity 75391K, committed 75648K, reserved 319488K
  class space    used 9662K, capacity 10542K, committed 10624K, reserved 253952K
}
Event: 16.119 GC heap before
{Heap before GC invocations=12 (full 0):
 garbage-first heap   total 264192K, used 201962K [0x00000000e0000000, 0x0000000100000000)
  region size 1024K, 118 young (120832K), 14 survivors (14336K)
 Metaspace       used 82044K, capacity 84924K, committed 85120K, reserved 327680K
  class space    used 10901K, capacity 11847K, committed 11904K, reserved 253952K
}
Event: 16.132 GC heap after
{Heap after GC invocations=13 (full 0):
 garbage-first heap   total 264192K, used 105796K [0x00000000e0000000, 0x0000000100000000)
  region size 1024K, 9 young (9216K), 9 survivors (9216K)
 Metaspace       used 82044K, capacity 84924K, committed 85120K, reserved 327680K
  class space    used 10901K, capacity 11847K, committed 11904K, reserved 253952K
}
Event: 17.120 GC heap before
{Heap before GC invocations=13 (full 0):
 garbage-first heap   total 264192K, used 206148K [0x00000000e0000000, 0x0000000100000000)
  region size 1024K, 108 young (110592K), 9 survivors (9216K)
 Metaspace       used 83316K, capacity 86446K, committed 86656K, reserved 329728K
  class space    used 11003K, capacity 12060K, committed 12160K, reserved 253952K
}
Event: 17.132 GC heap after
{Heap after GC invocations=14 (full 0):
 garbage-first heap   total 264192K, used 113047K [0x00000000e0000000, 0x0000000100000000)
  region size 1024K, 7 young (7168K), 7 survivors (7168K)
 Metaspace       used 83316K, capacity 86446K, committed 86656K, reserved 329728K
  class space    used 11003K, capacity 12060K, committed 12160K, reserved 253952K
}
Event: 17.640 GC heap before
{Heap before GC invocations=14 (full 0):
 garbage-first heap   total 264192K, used 209303K [0x00000000e0000000, 0x0000000100000000)
  region size 1024K, 102 young (104448K), 7 survivors (7168K)
 Metaspace       used 85117K, capacity 88173K, committed 88576K, reserved 331776K
  class space    used 11230K, capacity 12235K, committed 12288K, reserved 253952K
}
Event: 17.650 GC heap after
{Heap after GC invocations=15 (full 0):
 garbage-first heap   total 264192K, used 119033K [0x00000000e0000000, 0x0000000100000000)
  region size 1024K, 13 young (13312K), 13 survivors (13312K)
 Metaspace       used 85117K, capacity 88173K, committed 88576K, reserved 331776K
  class space    used 11230K, capacity 12235K, committed 12288K, reserved 253952K
}
Event: 18.089 GC heap before
{Heap before GC invocations=15 (full 0):
 garbage-first heap   total 264192K, used 211193K [0x00000000e0000000, 0x0000000100000000)
  region size 1024K, 104 young (106496K), 13 survivors (13312K)
 Metaspace       used 89136K, capacity 92275K, committed 92672K, reserved 333824K
  class space    used 11727K, capacity 12767K, committed 12800K, reserved 253952K
}
Event: 18.098 GC heap after
{Heap after GC invocations=16 (full 0):
 garbage-first heap   total 264192K, used 124571K [0x00000000e0000000, 0x0000000100000000)
  region size 1024K, 12 young (12288K), 12 survivors (12288K)
 Metaspace       used 89136K, capacity 92275K, committed 92672K, reserved 333824K
  class space    used 11727K, capacity 12767K, committed 12800K, reserved 253952K
}
Event: 171.837 GC heap before
{Heap before GC invocations=16 (full 0):
 garbage-first heap   total 264192K, used 213659K [0x00000000e0000000, 0x0000000100000000)
  region size 1024K, 100 young (102400K), 12 survivors (12288K)
 Metaspace       used 93706K, capacity 96813K, committed 97152K, reserved 337920K
  class space    used 12135K, capacity 13140K, committed 13184K, reserved 253952K
}
Event: 171.902 GC heap after
{Heap after GC invocations=17 (full 0):
 garbage-first heap   total 264192K, used 129482K [0x00000000e0000000, 0x0000000100000000)
  region size 1024K, 11 young (11264K), 11 survivors (11264K)
 Metaspace       used 93706K, capacity 96813K, committed 97152K, reserved 337920K
  class space    used 12135K, capacity 13140K, committed 13184K, reserved 253952K
}
Event: 3230.912 GC heap before
{Heap before GC invocations=17 (full 0):
 garbage-first heap   total 264192K, used 215498K [0x00000000e0000000, 0x0000000100000000)
  region size 1024K, 96 young (98304K), 11 survivors (11264K)
 Metaspace       used 93991K, capacity 97136K, committed 97408K, reserved 339968K
  class space    used 12135K, capacity 13140K, committed 13184K, reserved 253952K
}
Event: 3230.929 GC heap after
{Heap after GC invocations=18 (full 0):
 garbage-first heap   total 264192K, used 129963K [0x00000000e0000000, 0x0000000100000000)
  region size 1024K, 6 young (6144K), 6 survivors (6144K)
 Metaspace       used 93991K, capacity 97136K, committed 97408K, reserved 339968K
  class space    used 12135K, capacity 13140K, committed 13184K, reserved 253952K
}

