# JRE version: OpenJDK Runtime Environment 18.9 (11.0.13+8) (build 11.0.13+8)
# Java VM: OpenJDK 64-Bit Server VM 18.9 (11.0.13+8, mixed mode, sharing, tiered, compressed oops, g1 gc, linux-amd64)
Heap:
 garbage-first heap   total 264192K, used 126913K [0x00000000e0000000, 0x0000000100000000)
  region size 1024K, 8 young (8192K), 6 survivors (6144K)
 Metaspace       used 88530K, capacity 91623K, committed 91852K, reserved 333824K
  class space    used 11421K, capacity 12416K, committed 12492K, reserved 253952K
GC Heap History (20 events):
Event: 10.160 GC heap before
{Heap before GC invocations=9 (full 0):
 garbage-first heap   total 264192K, used 142727K [0x00000000e0000000, 0x0000000100000000)
  region size 1024K, 101 young (103424K), 10 survivors (10240K)
 Metaspace       used 58538K, capacity 60203K, committed 60236K, reserved 307200K
  class space    used 7897K, capacity 8512K, committed 8524K, reserved 253952K
}
Event: 10.171 GC heap after
{Heap after GC invocations=10 (full 0):
 garbage-first heap   total 264192K, used 58246K [0x00000000e0000000, 0x0000000100000000)
  region size 1024K, 8 young (8192K), 8 survivors (8192K)
 Metaspace       used 58538K, capacity 60203K, committed 60236K, reserved 307200K
  class space    used 7897K, capacity 8512K, committed 8524K, reserved 253952K
}
Event: 11.537 GC heap before
{Heap before GC invocations=11 (full 0):
 garbage-first heap   total 264192K, used 178054K [0x00000000e0000000, 0x0000000100000000)
  region size 1024K, 121 young (123904K), 8 survivors (8192K)
 Metaspace       used 63620K, capacity 65898K, committed 66252K, reserved 311296K
  class space    used 8531K, capacity 9315K, committed 9420K, reserved 253952K
}
Event: 11.564 GC heap after
{Heap after GC invocations=12 (full 0):
 garbage-first heap   total 264192K, used 79067K [0x00000000e0000000, 0x0000000100000000)
  region size 1024K, 16 young (16384K), 16 survivors (16384K)
 Metaspace       used 63620K, capacity 65898K, committed 66252K, reserved 311296K
  class space    used 8531K, capacity 9315K, committed 9420K, reserved 253952K
}
Event: 12.841 GC heap before
{Heap before GC invocations=13 (full 0):
 garbage-first heap   total 264192K, used 185563K [0x00000000e0000000, 0x0000000100000000)
  region size 1024K, 119 young (121856K), 16 survivors (16384K)
 Metaspace       used 70865K, capacity 73441K, committed 73676K, reserved 317440K
  class space    used 9472K, capacity 10310K, committed 10444K, reserved 253952K
}
Event: 12.862 GC heap after
{Heap after GC invocations=14 (full 0):
 garbage-first heap   total 264192K, used 95326K [0x00000000e0000000, 0x0000000100000000)
  region size 1024K, 13 young (13312K), 13 survivors (13312K)
 Metaspace       used 70865K, capacity 73441K, committed 73676K, reserved 317440K
  class space    used 9472K, capacity 10310K, committed 10444K, reserved 253952K
}
Event: 14.227 GC heap before
{Heap before GC invocations=14 (full 0):
 garbage-first heap   total 264192K, used 191582K [0x00000000e0000000, 0x0000000100000000)
  region size 1024K, 108 young (110592K), 13 survivors (13312K)
 Metaspace       used 76569K, capacity 79424K, committed 79564K, reserved 323584K
  class space    used 10215K, capacity 11154K, committed 11212K, reserved 253952K
}
Event: 14.238 GC heap after
{Heap after GC invocations=15 (full 0):
 garbage-first heap   total 264192K, used 103186K [0x00000000e0000000, 0x0000000100000000)
  region size 1024K, 8 young (8192K), 8 survivors (8192K)
 Metaspace       used 76569K, capacity 79424K, committed 79564K, reserved 323584K
  class space    used 10215K, capacity 11154K, committed 11212K, reserved 253952K
}
Event: 14.906 GC heap before
{Heap before GC invocations=15 (full 0):
 garbage-first heap   total 264192K, used 197394K [0x00000000e0000000, 0x0000000100000000)
  region size 1024K, 101 young (103424K), 8 survivors (8192K)
 Metaspace       used 77680K, capacity 80736K, committed 80972K, reserved 323584K
  class space    used 10300K, capacity 11300K, committed 11340K, reserved 253952K
}
Event: 14.917 GC heap after
{Heap after GC invocations=16 (full 0):
 garbage-first heap   total 264192K, used 110067K [0x00000000e0000000, 0x0000000100000000)
  region size 1024K, 7 young (7168K), 7 survivors (7168K)
 Metaspace       used 77680K, capacity 80736K, committed 80972K, reserved 323584K
  class space    used 10300K, capacity 11300K, committed 11340K, reserved 253952K
}
Event: 15.507 GC heap before
{Heap before GC invocations=16 (full 0):
 garbage-first heap   total 264192K, used 203251K [0x00000000e0000000, 0x0000000100000000)
  region size 1024K, 99 young (101376K), 7 survivors (7168K)
 Metaspace       used 78543K, capacity 81677K, committed 81868K, reserved 325632K
  class space    used 10372K, capacity 11379K, committed 11468K, reserved 253952K
}
Event: 15.519 GC heap after
{Heap after GC invocations=17 (full 0):
 garbage-first heap   total 264192K, used 116199K [0x00000000e0000000, 0x0000000100000000)
  region size 1024K, 13 young (13312K), 13 survivors (13312K)
 Metaspace       used 78543K, capacity 81677K, committed 81868K, reserved 325632K
  class space    used 10372K, capacity 11379K, committed 11468K, reserved 253952K
}
Event: 16.140 GC heap before
{Heap before GC invocations=17 (full 0):
 garbage-first heap   total 264192K, used 207335K [0x00000000e0000000, 0x0000000100000000)
  region size 1024K, 103 young (105472K), 13 survivors (13312K)
 Metaspace       used 83705K, capacity 86805K, committed 87116K, reserved 329728K
  class space    used 11025K, capacity 12039K, committed 12108K, reserved 253952K
}
Event: 16.153 GC heap after
{Heap after GC invocations=18 (full 0):
 garbage-first heap   total 264192K, used 121417K [0x00000000e0000000, 0x0000000100000000)
  region size 1024K, 6 young (6144K), 6 survivors (6144K)
 Metaspace       used 83705K, capacity 86805K, committed 87116K, reserved 329728K
  class space    used 11025K, capacity 12039K, committed 12108K, reserved 253952K
}
Event: 29.555 GC heap before
{Heap before GC invocations=18 (full 0):
 garbage-first heap   total 264192K, used 209481K [0x00000000e0000000, 0x0000000100000000)
  region size 1024K, 93 young (95232K), 6 survivors (6144K)
 Metaspace       used 85697K, capacity 88839K, committed 89164K, reserved 331776K
  class space    used 11235K, capacity 12243K, committed 12364K, reserved 253952K
}
Event: 29.564 GC heap after
{Heap after GC invocations=19 (full 0):
 garbage-first heap   total 264192K, used 126642K [0x00000000e0000000, 0x0000000100000000)
  region size 1024K, 11 young (11264K), 11 survivors (11264K)
 Metaspace       used 85697K, capacity 88839K, committed 89164K, reserved 331776K
  class space    used 11235K, capacity 12243K, committed 12364K, reserved 253952K
}
Event: 2361.517 GC heap before
{Heap before GC invocations=19 (full 0):
 garbage-first heap   total 264192K, used 212658K [0x00000000e0000000, 0x0000000100000000)
  region size 1024K, 96 young (98304K), 11 survivors (11264K)
 Metaspace       used 88467K, capacity 91593K, committed 91852K, reserved 333824K
  class space    used 11417K, capacity 12410K, committed 12492K, reserved 253952K
}
Event: 2361.611 GC heap after
{Heap after GC invocations=20 (full 0):
 garbage-first heap   total 264192K, used 126839K [0x00000000e0000000, 0x0000000100000000)
  region size 1024K, 7 young (7168K), 7 survivors (7168K)
 Metaspace       used 88467K, capacity 91593K, committed 91852K, reserved 333824K
  class space    used 11417K, capacity 12410K, committed 12492K, reserved 253952K
}
Event: 5406.590 GC heap before
{Heap before GC invocations=20 (full 0):
 garbage-first heap   total 264192K, used 216951K [0x00000000e0000000, 0x0000000100000000)
  region size 1024K, 95 young (97280K), 7 survivors (7168K)
 Metaspace       used 88502K, capacity 91593K, committed 91852K, reserved 333824K
  class space    used 11418K, capacity 12410K, committed 12492K, reserved 253952K
}
Event: 5406.603 GC heap after
{Heap after GC invocations=21 (full 0):
 garbage-first heap   total 264192K, used 125889K [0x00000000e0000000, 0x0000000100000000)
  region size 1024K, 6 young (6144K), 6 survivors (6144K)
 Metaspace       used 88502K, capacity 91593K, committed 91852K, reserved 333824K
  class space    used 11418K, capacity 12410K, committed 12492K, reserved 253952K
}

