# JRE version: OpenJDK Runtime Environment 18.9 (11.0.13+8) (build 11.0.13+8)
# Java VM: OpenJDK 64-Bit Server VM 18.9 (11.0.13+8, mixed mode, sharing, tiered, compressed oops, g1 gc, linux-amd64)
Heap:
 garbage-first heap   total 264192K, used 158977K [0x00000000e0000000, 0x0000000100000000)
  region size 1024K, 26 young (26624K), 11 survivors (11264K)
 Metaspace       used 95905K, capacity 99273K, committed 99584K, reserved 339968K
  class space    used 12282K, capacity 13451K, committed 13568K, reserved 253952K
GC Heap History (20 events):
Event: 17.301 GC heap before
{Heap before GC invocations=13 (full 0):
 garbage-first heap   total 264192K, used 180215K [0x00000000e0000000, 0x0000000100000000)
  region size 1024K, 108 young (110592K), 11 survivors (11264K)
 Metaspace       used 81238K, capacity 83911K, committed 84096K, reserved 327680K
  class space    used 10840K, capacity 11780K, committed 11904K, reserved 253952K
}
Event: 17.317 GC heap after
{Heap after GC invocations=14 (full 0):
 garbage-first heap   total 264192K, used 90561K [0x00000000e0000000, 0x0000000100000000)
  region size 1024K, 9 young (9216K), 9 survivors (9216K)
 Metaspace       used 81238K, capacity 83911K, committed 84096K, reserved 327680K
  class space    used 10840K, capacity 11780K, committed 11904K, reserved 253952K
}
Event: 18.178 GC heap before
{Heap before GC invocations=14 (full 0):
 garbage-first heap   total 264192K, used 188865K [0x00000000e0000000, 0x0000000100000000)
  region size 1024K, 106 young (108544K), 9 survivors (9216K)
 Metaspace       used 82322K, capacity 85141K, committed 85504K, reserved 327680K
  class space    used 10921K, capacity 11921K, committed 12032K, reserved 253952K
}
Event: 18.190 GC heap after
{Heap after GC invocations=15 (full 0):
 garbage-first heap   total 264192K, used 96934K [0x00000000e0000000, 0x0000000100000000)
  region size 1024K, 7 young (7168K), 7 survivors (7168K)
 Metaspace       used 82322K, capacity 85141K, committed 85504K, reserved 327680K
  class space    used 10921K, capacity 11921K, committed 12032K, reserved 253952K
}
Event: 19.232 GC heap before
{Heap before GC invocations=15 (full 0):
 garbage-first heap   total 264192K, used 195238K [0x00000000e0000000, 0x0000000100000000)
  region size 1024K, 104 young (106496K), 7 survivors (7168K)
 Metaspace       used 84597K, capacity 87430K, committed 87552K, reserved 329728K
  class space    used 11187K, capacity 12192K, committed 12288K, reserved 253952K
}
Event: 19.246 GC heap after
{Heap after GC invocations=16 (full 0):
 garbage-first heap   total 264192K, used 102277K [0x00000000e0000000, 0x0000000100000000)
  region size 1024K, 12 young (12288K), 12 survivors (12288K)
 Metaspace       used 84597K, capacity 87430K, committed 87552K, reserved 329728K
  class space    used 11187K, capacity 12192K, committed 12288K, reserved 253952K
}
Event: 19.815 GC heap before
{Heap before GC invocations=16 (full 0):
 garbage-first heap   total 264192K, used 200581K [0x00000000e0000000, 0x0000000100000000)
  region size 1024K, 109 young (111616K), 12 survivors (12288K)
 Metaspace       used 88543K, capacity 91472K, committed 91648K, reserved 333824K
  class space    used 11654K, capacity 12681K, committed 12800K, reserved 253952K
}
Event: 19.829 GC heap after
{Heap after GC invocations=17 (full 0):
 garbage-first heap   total 264192K, used 108029K [0x00000000e0000000, 0x0000000100000000)
  region size 1024K, 12 young (12288K), 12 survivors (12288K)
 Metaspace       used 88543K, capacity 91472K, committed 91648K, reserved 333824K
  class space    used 11654K, capacity 12681K, committed 12800K, reserved 253952K
}
Event: 1010.958 GC heap before
{Heap before GC invocations=17 (full 0):
 garbage-first heap   total 264192K, used 205309K [0x00000000e0000000, 0x0000000100000000)
  region size 1024K, 108 young (110592K), 12 survivors (12288K)
 Metaspace       used 93260K, capacity 96148K, committed 96384K, reserved 337920K
  class space    used 12066K, capacity 13059K, committed 13184K, reserved 253952K
}
Event: 1011.015 GC heap after
{Heap after GC invocations=18 (full 0):
 garbage-first heap   total 264192K, used 112630K [0x00000000e0000000, 0x0000000100000000)
  region size 1024K, 11 young (11264K), 11 survivors (11264K)
 Metaspace       used 93260K, capacity 96148K, committed 96384K, reserved 337920K
  class space    used 12066K, capacity 13059K, committed 13184K, reserved 253952K
}
Event: 4627.591 GC heap before
{Heap before GC invocations=18 (full 0):
 garbage-first heap   total 264192K, used 208886K [0x00000000e0000000, 0x0000000100000000)
  region size 1024K, 106 young (108544K), 11 survivors (11264K)
 Metaspace       used 93365K, capacity 96276K, committed 96640K, reserved 337920K
  class space    used 12066K, capacity 13059K, committed 13184K, reserved 253952K
}
Event: 4627.611 GC heap after
{Heap after GC invocations=19 (full 0):
 garbage-first heap   total 264192K, used 112111K [0x00000000e0000000, 0x0000000100000000)
  region size 1024K, 5 young (5120K), 5 survivors (5120K)
 Metaspace       used 93365K, capacity 96276K, committed 96640K, reserved 337920K
  class space    used 12066K, capacity 13059K, committed 13184K, reserved 253952K
}
Event: 7763.659 GC heap before
{Heap before GC invocations=19 (full 0):
 garbage-first heap   total 264192K, used 212463K [0x00000000e0000000, 0x0000000100000000)
  region size 1024K, 103 young (105472K), 5 survivors (5120K)
 Metaspace       used 93493K, capacity 96449K, committed 96640K, reserved 337920K
  class space    used 12070K, capacity 13067K, committed 13184K, reserved 253952K
}
Event: 7763.685 GC heap after
{Heap after GC invocations=20 (full 0):
 garbage-first heap   total 264192K, used 112430K [0x00000000e0000000, 0x0000000100000000)
  region size 1024K, 5 young (5120K), 5 survivors (5120K)
 Metaspace       used 93493K, capacity 96449K, committed 96640K, reserved 337920K
  class space    used 12070K, capacity 13067K, committed 13184K, reserved 253952K
}
Event: 7766.847 GC heap before
{Heap before GC invocations=20 (full 0):
 garbage-first heap   total 264192K, used 213806K [0x00000000e0000000, 0x0000000100000000)
  region size 1024K, 105 young (107520K), 5 survivors (5120K)
 Metaspace       used 94796K, capacity 98020K, committed 98048K, reserved 339968K
  class space    used 12192K, capacity 13292K, committed 13312K, reserved 253952K
}
Event: 7766.875 GC heap after
{Heap after GC invocations=21 (full 0):
 garbage-first heap   total 264192K, used 125874K [0x00000000e0000000, 0x0000000100000000)
  region size 1024K, 14 young (14336K), 14 survivors (14336K)
 Metaspace       used 94796K, capacity 98020K, committed 98048K, reserved 339968K
  class space    used 12192K, capacity 13292K, committed 13312K, reserved 253952K
}
Event: 7967.382 GC heap before
{Heap before GC invocations=21 (full 0):
 garbage-first heap   total 264192K, used 212914K [0x00000000e0000000, 0x0000000100000000)
  region size 1024K, 100 young (102400K), 14 survivors (14336K)
 Metaspace       used 95487K, capacity 98857K, committed 98944K, reserved 339968K
  class space    used 12273K, capacity 13435K, committed 13440K, reserved 253952K
}
Event: 7967.406 GC heap after
{Heap after GC invocations=22 (full 0):
 garbage-first heap   total 264192K, used 133964K [0x00000000e0000000, 0x0000000100000000)
  region size 1024K, 9 young (9216K), 9 survivors (9216K)
 Metaspace       used 95487K, capacity 98857K, committed 98944K, reserved 339968K
  class space    used 12273K, capacity 13435K, committed 13440K, reserved 253952K
}
Event: 7967.902 GC heap before
{Heap before GC invocations=22 (full 0):
 garbage-first heap   total 264192K, used 213836K [0x00000000e0000000, 0x0000000100000000)
  region size 1024K, 88 young (90112K), 9 survivors (9216K)
 Metaspace       used 95881K, capacity 99272K, committed 99584K, reserved 339968K
  class space    used 12282K, capacity 13451K, committed 13568K, reserved 253952K
}
Event: 7967.938 GC heap after
{Heap after GC invocations=23 (full 0):
 garbage-first heap   total 264192K, used 144641K [0x00000000e0000000, 0x0000000100000000)
  region size 1024K, 11 young (11264K), 11 survivors (11264K)
 Metaspace       used 95881K, capacity 99272K, committed 99584K, reserved 339968K
  class space    used 12282K, capacity 13451K, committed 13568K, reserved 253952K
}

